<?xml version="1.0" encoding="UTF-8"?>
<testsuite xmlns:xsi="http://www.w3.org/2001/XMLSchema-instance" xsi:noNamespaceSchemaLocation="https://maven.apache.org/surefire/maven-surefire-plugin/xsd/surefire-test-report.xsd" version="3.0.2" name="br.com.leandrobrum.api.DogApiTest" time="7.677" tests="5" errors="0" skipped="0" failures="0">
  <properties>
[...]
</properties>
  <testcase name="listsBreedsAndSubBreeds" classname="br.com.leandrobrum.api.DogApiTest" time="5.276"/>
  <testcase name="listsImagesForBreed(String)[1]" classname="br.com.leandrobrum.api.DogApiTest" time="0.668"/>
  <testcase name="listsImagesForBreed(String)[2]" classname="br.com.leandrobrum.api.DogApiTest" time="0.591"/>
  <testcase name="returnsRandomImage" classname="br.com.leandrobrum.api.DogApiTest" time="0.508"/>
  <testcase name="rejectsUnknownBreed" classname="br.com.leandrobrum.api.DogApiTest" time="0.567"/>
</testsuite>